<?xml version="1.0" encoding="UTF-8"?>
<testng-results skipped="0" failed="0" ignored="0" total="1" passed="1">
  <reporter-output>
  </reporter-output>
  <suite name="Default suite" duration-ms="9266" started-at="2021-03-09T05:58:34Z" finished-at="2021-03-09T05:58:44Z">
    <groups>
    </groups>
    <test name="Default test" duration-ms="9266" started-at="2021-03-09T05:58:34Z" finished-at="2021-03-09T05:58:44Z">
      <class name="com.Rest.Sample.RestAssure">
        <test-method status="PASS" signature="GetBookDetails()[pri:0, instance:com.Rest.Sample.RestAssure@c038203]" name="GetBookDetails" duration-ms="9214" started-at="2021-03-09T11:28:34Z" finished-at="2021-03-09T11:28:44Z">
          <reporter-output>
          </reporter-output>
        </test-method> <!-- GetBookDetails -->
      </class> <!-- com.Rest.Sample.RestAssure -->
    </test> <!-- Default test -->
  </suite> <!-- Default suite -->
</testng-results>
